#
# There is insufficient memory for the Java Runtime Environment to continue.
# Native memory allocation (malloc) failed to allocate 422928 bytes for Chunk::new
# Possible reasons:
#   The system is out of physical RAM or swap space
#   The process is running with CompressedOops enabled, and the Java Heap may be blocking the growth of the native heap
# Possible solutions:
#   Reduce memory load on the system
#   Increase physical memory or swap space
#   Check if swap backing store is full
#   Decrease Java heap size (-Xmx/-Xms)
#   Decrease number of Java threads
#   Decrease Java thread stack sizes (-Xss)
#   Set larger code cache with -XX:ReservedCodeCacheSize=
#   JVM is running with Unscaled Compressed Oops mode in which the Java heap is
#     placed in the first 4GB address space. The Java Heap base address is the
#     maximum limit for the native heap growth. Please use -XX:HeapBaseMinAddress
#     to set the Java Heap base and to place the Java Heap above 4GB virtual address.
# This output file may be truncated or incomplete.
#
#  Out of Memory Error (allocation.cpp:389), pid=11408, tid=0x0000000000002850
#
# JRE version: OpenJDK Runtime Environment (8.0_202-b03) (build 1.8.0_202-release-1483-b03)
# Java VM: OpenJDK 64-Bit Server VM (25.202-b03 mixed mode windows-amd64 compressed oops)
# Failed to write core dump. Minidumps are not enabled by default on client versions of Windows
#

---------------  T H R E A D  ---------------

Current thread (0x000000001647c800):  JavaThread "C2 CompilerThread0" daemon [_thread_in_native, id=10320, stack(0x0000000017ad0000,0x0000000017bd0000)]

Stack: [0x0000000017ad0000,0x0000000017bd0000]
[error occurred during error reporting (printing stack bounds), id 0xc0000005]

Native frames: (J=compiled Java code, j=interpreted, Vv=VM code, C=native code)


Current CompileTask:
C2:   6322 5385       4       sun.reflect.generics.parser.SignatureParser::parseClassTypeSignature (118 bytes)


---------------  P R O C E S S  ---------------

Java Threads: ( => current thread )
  0x000000001f836800 JavaThread "Memory manager" [_thread_blocked, id=10924, stack(0x0000000022d40000,0x0000000022e40000)]
  0x000000001f833800 JavaThread "Cache worker for Build Output Cleanup Cache (D:\MukeshVerma\Grocito\.gradle\buildOutputCleanup)" [_thread_blocked, id=2352, stack(0x0000000022240000,0x0000000022340000)]
  0x000000001f837800 JavaThread "Build operations Thread 4" [_thread_blocked, id=10324, stack(0x0000000021b40000,0x0000000021c40000)]
  0x000000001f83a800 JavaThread "Build operations Thread 3" [_thread_blocked, id=9272, stack(0x0000000021a40000,0x0000000021b40000)]
  0x000000001f839800 JavaThread "Build operations Thread 2" [_thread_blocked, id=12004, stack(0x0000000021940000,0x0000000021a40000)]
  0x000000001f836000 JavaThread "Build operations" [_thread_blocked, id=8048, stack(0x0000000021840000,0x0000000021940000)]
  0x0000000018ec3000 JavaThread "Cache worker for execution history cache (C:\Users\wel\.gradle\caches\5.4.1\executionHistory)" [_thread_blocked, id=7340, stack(0x000000001ffb0000,0x00000000200b0000)]
  0x0000000018ec2800 JavaThread "Cache worker for cache directory md-rule (C:\Users\wel\.gradle\caches\5.4.1\md-rule)" [_thread_blocked, id=11812, stack(0x000000001feb0000,0x000000001ffb0000)]
  0x0000000018ec4000 JavaThread "Cache worker for cache directory md-supplier (C:\Users\wel\.gradle\caches\5.4.1\md-supplier)" [_thread_blocked, id=4900, stack(0x000000001fdb0000,0x000000001feb0000)]
  0x0000000018ec4800 JavaThread "Cache worker for file hash cache (D:\MukeshVerma\Grocito\.gradle\5.4.1\fileHashes)" [_thread_blocked, id=10000, stack(0x000000001e480000,0x000000001e580000)]
  0x0000000018ec0000 JavaThread "Cache worker for journal cache (C:\Users\wel\.gradle\caches\journal-1)" [_thread_blocked, id=11460, stack(0x000000001b010000,0x000000001b110000)]
  0x0000000018ebe000 JavaThread "File lock request listener" [_thread_in_native, id=9856, stack(0x000000001af10000,0x000000001b010000)]
  0x0000000018d16000 JavaThread "Cache worker for file hash cache (C:\Users\wel\.gradle\caches\5.4.1\fileHashes)" [_thread_blocked, id=9164, stack(0x000000001ae10000,0x000000001af10000)]
  0x0000000017fdb000 JavaThread "Thread-9" [_thread_blocked, id=6524, stack(0x000000001ad10000,0x000000001ae10000)]
  0x0000000017fd8000 JavaThread "Stdin handler" [_thread_blocked, id=6724, stack(0x000000001ac10000,0x000000001ad10000)]
  0x0000000018430000 JavaThread "Asynchronous log dispatcher for DefaultDaemonConnection: socket connection from /127.0.0.1:62623 to /127.0.0.1:62624" [_thread_blocked, id=8544, stack(0x000000001ab10000,0x000000001ac10000)]
  0x000000001941f800 JavaThread "Daemon worker" [_thread_in_native, id=5128, stack(0x000000001aa10000,0x000000001ab10000)]
  0x000000001941e000 JavaThread "Cancel handler" [_thread_blocked, id=6600, stack(0x000000001a910000,0x000000001aa10000)]
  0x0000000019034800 JavaThread "Handler for socket connection from /127.0.0.1:62623 to /127.0.0.1:62624" [_thread_in_native, id=10944, stack(0x000000001a610000,0x000000001a710000)]
  0x000000001902d000 JavaThread "Daemon" [_thread_blocked, id=10788, stack(0x000000001a510000,0x000000001a610000)]
  0x0000000017e81000 JavaThread "Daemon periodic checks" [_thread_blocked, id=11212, stack(0x000000001a410000,0x000000001a510000)]
  0x0000000017ff4800 JavaThread "Incoming local TCP Connector on port 62623" [_thread_in_native, id=9124, stack(0x000000001a1e0000,0x000000001a2e0000)]
  0x00000000197e6000 JavaThread "Daemon health stats" [_thread_blocked, id=7572, stack(0x0000000019ba0000,0x0000000019ca0000)]
  0x0000000017dfa800 JavaThread "Service Thread" daemon [_thread_blocked, id=5356, stack(0x00000000181d0000,0x00000000182d0000)]
  0x0000000016484000 JavaThread "C1 CompilerThread2" daemon [_thread_in_native, id=11492, stack(0x0000000017cd0000,0x0000000017dd0000)]
  0x0000000016481000 JavaThread "C2 CompilerThread1" daemon [_thread_in_native, id=11900, stack(0x0000000017bd0000,0x0000000017cd0000)]
=>0x000000001647c800 JavaThread "C2 CompilerThread0" daemon [_thread_in_native, id=10320, stack(0x0000000017ad0000,0x0000000017bd0000)]
  0x000000001647b000 JavaThread "Attach Listener" daemon [_thread_blocked, id=9464, stack(0x00000000179d0000,0x0000000017ad0000)]
  0x000000001647a000 JavaThread "Signal Dispatcher" daemon [_thread_blocked, id=2020, stack(0x00000000178d0000,0x00000000179d0000)]
  0x0000000002b0c000 JavaThread "Finalizer" daemon [_thread_blocked, id=8968, stack(0x00000000176e0000,0x00000000177e0000)]
  0x0000000002b03000 JavaThread "Reference Handler" daemon [_thread_blocked, id=8356, stack(0x00000000175e0000,0x00000000176e0000)]
  0x0000000000e0d800 JavaThread "main" [_thread_blocked, id=3484, stack(0x0000000002830000,0x0000000002930000)]

Other Threads:
  0x0000000016445800 VMThread [stack: 0x00000000174e0000,0x00000000175e0000] [id=2144]
  0x00000000164c7000 WatcherThread [stack: 0x00000000182d0000,0x00000000183d0000] [id=800]

VM state:not at safepoint (normal execution)

VM Mutex/Monitor currently owned by a thread: None

heap address: 0x00000000a0000000, size: 1536 MB, Compressed Oops mode: 32-bit
Narrow klass base: 0x0000000000000000, Narrow klass shift: 3
Compressed class space size: 1073741824 Address: 0x0000000100000000

Heap:
 PSYoungGen      total 172032K, used 6267K [0x00000000e0000000, 0x00000000ec300000, 0x0000000100000000)
  eden space 153600K, 4% used [0x00000000e0000000,0x00000000e061edc8,0x00000000e9600000)
  from space 18432K, 0% used [0x00000000ea780000,0x00000000ea780000,0x00000000eb980000)
  to   space 17920K, 0% used [0x00000000e9600000,0x00000000e9600000,0x00000000ea780000)
 ParOldGen       total 155136K, used 36799K [0x00000000a0000000, 0x00000000a9780000, 0x00000000e0000000)
  object space 155136K, 23% used [0x00000000a0000000,0x00000000a23efea8,0x00000000a9780000)
 Metaspace       used 57253K, capacity 59226K, committed 59480K, reserved 1099776K
  class space    used 7850K, capacity 8323K, committed 8448K, reserved 1048576K

Card table byte_map: [0x0000000011ed0000,0x00000000121e0000] byte_map_base: 0x00000000119d0000

Marking Bits: (ParMarkBitMap*) 0x000000006e0f9f30
 Begin Bits: [0x00000000127e0000, 0x0000000013fe0000)
 End Bits:   [0x0000000013fe0000, 0x00000000157e0000)

Polling page: 0x0000000001060000

CodeCache: size=245760Kb used=16615Kb max_used=16615Kb free=229144Kb
 bounds [0x0000000002b10000, 0x0000000003b60000, 0x0000000011b10000]
 total_blobs=5692 nmethods=4913 adapters=692
 compilation: enabled

Compilation events (10 events):
Event: 6.313 Thread 0x0000000016484000 5498       3       org.gradle.api.internal.attributes.DefaultImmutableAttributesFactory::mutable (9 bytes)
Event: 6.313 Thread 0x0000000016484000 nmethod 5498 0x0000000003b54390 code [0x0000000003b54500, 0x0000000003b547f0]
Event: 6.313 Thread 0x0000000016484000 5499       3       org.gradle.api.internal.attributes.DefaultMutableAttributeContainer::<init> (7 bytes)
Event: 6.313 Thread 0x0000000016484000 nmethod 5499 0x0000000003b54950 code [0x0000000003b54ac0, 0x0000000003b54d10]
Event: 6.316 Thread 0x0000000016484000 5500       1       org.gradle.api.internal.artifacts.ivyservice.ivyresolve.CachingModuleComponentRepository$CachingModuleSource::getDescriptorHash (5 bytes)
Event: 6.316 Thread 0x0000000016484000 nmethod 5500 0x0000000003b54e10 code [0x0000000003b54f60, 0x0000000003b55070]
Event: 6.316 Thread 0x0000000016484000 5501       1       org.gradle.api.internal.artifacts.ivyservice.ivyresolve.CachingModuleComponentRepository$CachingModuleSource::isChangingModule (5 bytes)
Event: 6.316 Thread 0x0000000016484000 nmethod 5501 0x0000000003b550d0 code [0x0000000003b55220, 0x0000000003b55330]
Event: 6.316 Thread 0x0000000016484000 5502       3       org.gradle.internal.serialize.kryo.KryoBackedEncoder::writeByte (9 bytes)
Event: 6.316 Thread 0x0000000016484000 nmethod 5502 0x0000000003b55390 code [0x0000000003b55500, 0x0000000003b55788]

GC Heap History (10 events):
Event: 3.284 GC heap before
{Heap before GC invocations=11 (full 2):
 PSYoungGen      total 112640K, used 10324K [0x00000000e0000000, 0x00000000e9d80000, 0x0000000100000000)
  eden space 101376K, 0% used [0x00000000e0000000,0x00000000e0000000,0x00000000e6300000)
  from space 11264K, 91% used [0x00000000e6300000,0x00000000e6d15240,0x00000000e6e00000)
  to   space 12288K, 0% used [0x00000000e9180000,0x00000000e9180000,0x00000000e9d80000)
 ParOldGen       total 61440K, used 8649K [0x00000000a0000000, 0x00000000a3c00000, 0x00000000e0000000)
  object space 61440K, 14% used [0x00000000a0000000,0x00000000a0872488,0x00000000a3c00000)
 Metaspace       used 34585K, capacity 35420K, committed 35456K, reserved 1079296K
  class space    used 4774K, capacity 4960K, committed 4992K, reserved 1048576K
Event: 3.358 GC heap after
Heap after GC invocations=11 (full 2):
 PSYoungGen      total 112640K, used 0K [0x00000000e0000000, 0x00000000e9d80000, 0x0000000100000000)
  eden space 101376K, 0% used [0x00000000e0000000,0x00000000e0000000,0x00000000e6300000)
  from space 11264K, 0% used [0x00000000e6300000,0x00000000e6300000,0x00000000e6e00000)
  to   space 12288K, 0% used [0x00000000e9180000,0x00000000e9180000,0x00000000e9d80000)
 ParOldGen       total 98304K, used 17559K [0x00000000a0000000, 0x00000000a6000000, 0x00000000e0000000)
  object space 98304K, 17% used [0x00000000a0000000,0x00000000a1125f50,0x00000000a6000000)
 Metaspace       used 34585K, capacity 35420K, committed 35456K, reserved 1079296K
  class space    used 4774K, capacity 4960K, committed 4992K, reserved 1048576K
}
Event: 4.239 GC heap before
{Heap before GC invocations=12 (full 2):
 PSYoungGen      total 112640K, used 101376K [0x00000000e0000000, 0x00000000e9d80000, 0x0000000100000000)
  eden space 101376K, 100% used [0x00000000e0000000,0x00000000e6300000,0x00000000e6300000)
  from space 11264K, 0% used [0x00000000e6300000,0x00000000e6300000,0x00000000e6e00000)
  to   space 12288K, 0% used [0x00000000e9180000,0x00000000e9180000,0x00000000e9d80000)
 ParOldGen       total 98304K, used 17559K [0x00000000a0000000, 0x00000000a6000000, 0x00000000e0000000)
  object space 98304K, 17% used [0x00000000a0000000,0x00000000a1125f50,0x00000000a6000000)
 Metaspace       used 43794K, capacity 45008K, committed 45184K, reserved 1087488K
  class space    used 5941K, capacity 6243K, committed 6272K, reserved 1048576K
Event: 4.250 GC heap after
Heap after GC invocations=12 (full 2):
 PSYoungGen      total 136704K, used 12287K [0x00000000e0000000, 0x00000000e9d80000, 0x0000000100000000)
  eden space 124416K, 0% used [0x00000000e0000000,0x00000000e0000000,0x00000000e7980000)
  from space 12288K, 99% used [0x00000000e9180000,0x00000000e9d7fff0,0x00000000e9d80000)
  to   space 14336K, 0% used [0x00000000e8180000,0x00000000e8180000,0x00000000e8f80000)
 ParOldGen       total 98304K, used 19159K [0x00000000a0000000, 0x00000000a6000000, 0x00000000e0000000)
  object space 98304K, 19% used [0x00000000a0000000,0x00000000a12b5ee0,0x00000000a6000000)
 Metaspace       used 43794K, capacity 45008K, committed 45184K, reserved 1087488K
  class space    used 5941K, capacity 6243K, committed 6272K, reserved 1048576K
}
Event: 5.182 GC heap before
{Heap before GC invocations=13 (full 2):
 PSYoungGen      total 136704K, used 136703K [0x00000000e0000000, 0x00000000e9d80000, 0x0000000100000000)
  eden space 124416K, 100% used [0x00000000e0000000,0x00000000e7980000,0x00000000e7980000)
  from space 12288K, 99% used [0x00000000e9180000,0x00000000e9d7fff0,0x00000000e9d80000)
  to   space 14336K, 0% used [0x00000000e8180000,0x00000000e8180000,0x00000000e8f80000)
 ParOldGen       total 98304K, used 19159K [0x00000000a0000000, 0x00000000a6000000, 0x00000000e0000000)
  object space 98304K, 19% used [0x00000000a0000000,0x00000000a12b5ee0,0x00000000a6000000)
 Metaspace       used 52353K, capacity 54018K, committed 54144K, reserved 1095680K
  class space    used 7119K, capacity 7551K, committed 7552K, reserved 1048576K
Event: 5.200 GC heap after
Heap after GC invocations=13 (full 2):
 PSYoungGen      total 146944K, used 14324K [0x00000000e0000000, 0x00000000eb980000, 0x0000000100000000)
  eden space 132608K, 0% used [0x00000000e0000000,0x00000000e0000000,0x00000000e8180000)
  from space 14336K, 99% used [0x00000000e8180000,0x00000000e8f7d320,0x00000000e8f80000)
  to   space 18432K, 0% used [0x00000000ea780000,0x00000000ea780000,0x00000000eb980000)
 ParOldGen       total 98304K, used 26830K [0x00000000a0000000, 0x00000000a6000000, 0x00000000e0000000)
  object space 98304K, 27% used [0x00000000a0000000,0x00000000a1a338f8,0x00000000a6000000)
 Metaspace       used 52353K, capacity 54018K, committed 54144K, reserved 1095680K
  class space    used 7119K, capacity 7551K, committed 7552K, reserved 1048576K
}
Event: 6.067 GC heap before
{Heap before GC invocations=14 (full 2):
 PSYoungGen      total 146944K, used 105037K [0x00000000e0000000, 0x00000000eb980000, 0x0000000100000000)
  eden space 132608K, 68% used [0x00000000e0000000,0x00000000e5896438,0x00000000e8180000)
  from space 14336K, 99% used [0x00000000e8180000,0x00000000e8f7d320,0x00000000e8f80000)
  to   space 18432K, 0% used [0x00000000ea780000,0x00000000ea780000,0x00000000eb980000)
 ParOldGen       total 98304K, used 26830K [0x00000000a0000000, 0x00000000a6000000, 0x00000000e0000000)
  object space 98304K, 27% used [0x00000000a0000000,0x00000000a1a338f8,0x00000000a6000000)
 Metaspace       used 57081K, capacity 59044K, committed 59096K, reserved 1099776K
  class space    used 7824K, capacity 8288K, committed 8320K, reserved 1048576K
Event: 6.088 GC heap after
Heap after GC invocations=14 (full 2):
 PSYoungGen      total 172032K, used 7425K [0x00000000e0000000, 0x00000000ec300000, 0x0000000100000000)
  eden space 153600K, 0% used [0x00000000e0000000,0x00000000e0000000,0x00000000e9600000)
  from space 18432K, 40% used [0x00000000ea780000,0x00000000eaec0470,0x00000000eb980000)
  to   space 17920K, 0% used [0x00000000e9600000,0x00000000e9600000,0x00000000ea780000)
 ParOldGen       total 98304K, used 41147K [0x00000000a0000000, 0x00000000a6000000, 0x00000000e0000000)
  object space 98304K, 41% used [0x00000000a0000000,0x00000000a282ecd0,0x00000000a6000000)
 Metaspace       used 57081K, capacity 59044K, committed 59096K, reserved 1099776K
  class space    used 7824K, capacity 8288K, committed 8320K, reserved 1048576K
}
Event: 6.088 GC heap before
{Heap before GC invocations=15 (full 3):
 PSYoungGen      total 172032K, used 7425K [0x00000000e0000000, 0x00000000ec300000, 0x0000000100000000)
  eden space 153600K, 0% used [0x00000000e0000000,0x00000000e0000000,0x00000000e9600000)
  from space 18432K, 40% used [0x00000000ea780000,0x00000000eaec0470,0x00000000eb980000)
  to   space 17920K, 0% used [0x00000000e9600000,0x00000000e9600000,0x00000000ea780000)
 ParOldGen       total 98304K, used 41147K [0x00000000a0000000, 0x00000000a6000000, 0x00000000e0000000)
  object space 98304K, 41% used [0x00000000a0000000,0x00000000a282ecd0,0x00000000a6000000)
 Metaspace       used 57081K, capacity 59044K, committed 59096K, reserved 1099776K
  class space    used 7824K, capacity 8288K, committed 8320K, reserved 1048576K
Event: 6.277 GC heap after
Heap after GC invocations=15 (full 3):
 PSYoungGen      total 172032K, used 0K [0x00000000e0000000, 0x00000000ec300000, 0x0000000100000000)
  eden space 153600K, 0% used [0x00000000e0000000,0x00000000e0000000,0x00000000e9600000)
  from space 18432K, 0% used [0x00000000ea780000,0x00000000ea780000,0x00000000eb980000)
  to   space 17920K, 0% used [0x00000000e9600000,0x00000000e9600000,0x00000000ea780000)
 ParOldGen       total 155136K, used 36799K [0x00000000a0000000, 0x00000000a9780000, 0x00000000e0000000)
  object space 155136K, 23% used [0x00000000a0000000,0x00000000a23efea8,0x00000000a9780000)
 Metaspace       used 57081K, capacity 59044K, committed 59096K, reserved 1099776K
  class space    used 7824K, capacity 8288K, committed 8320K, reserved 1048576K
}

Deoptimization events (10 events):
Event: 4.548 Thread 0x000000001941f800 Uncommon trap: reason=unstable_if action=reinterpret pc=0x0000000003603760 method=groovy.lang.MetaClassImpl$1MOPIter.methodNameAction(Ljava/lang/Class;Lorg/codehaus/groovy/runtime/metaclass/MetaMethodIndex$Entry;)V @ 182
Event: 4.557 Thread 0x000000001941f800 Uncommon trap: reason=unstable_if action=reinterpret pc=0x000000000386e3bc method=java.lang.ClassLoader.checkCerts(Ljava/lang/String;Ljava/security/CodeSource;)V @ 29
Event: 4.698 Thread 0x000000001941f800 Uncommon trap: reason=unstable_if action=reinterpret pc=0x000000000376583c method=jdk.internal.org.objectweb.asm.Type.getArgumentsAndReturnSizes(Ljava/lang/String;)I @ 88
Event: 4.783 Thread 0x000000001941f800 Uncommon trap: reason=unstable_if action=reinterpret pc=0x00000000030ce164 method=java.lang.String.lastIndexOf([CII[CIII)I @ 17
Event: 4.873 Thread 0x000000001941f800 Uncommon trap: reason=unstable_if action=reinterpret pc=0x000000000305dda8 method=java.util.concurrent.ConcurrentHashMap.putVal(Ljava/lang/Object;Ljava/lang/Object;Z)Ljava/lang/Object; @ 195
Event: 4.894 Thread 0x000000001941f800 Uncommon trap: reason=unstable_if action=reinterpret pc=0x00000000039f9588 method=kotlin.reflect.jvm.internal.impl.protobuf.CodedInputStream.readRawVarint32()I @ 10
Event: 5.283 Thread 0x000000001941f800 Uncommon trap: reason=unstable_if action=reinterpret pc=0x00000000036166c4 method=java.io.WinNTFileSystem.normalize(Ljava/lang/String;)Ljava/lang/String; @ 74
Event: 5.961 Thread 0x000000001941f800 Uncommon trap: reason=unstable_if action=reinterpret pc=0x000000000330f104 method=org.objectweb.asm.Type.getArgumentsAndReturnSizes(Ljava/lang/String;)I @ 109
Event: 5.961 Thread 0x000000001941f800 Uncommon trap: reason=unstable_if action=reinterpret pc=0x000000000387c9c4 method=org.objectweb.asm.Type.getArgumentsAndReturnSizes(Ljava/lang/String;)I @ 109
Event: 5.993 Thread 0x000000001941f800 Uncommon trap: reason=unstable_if action=reinterpret pc=0x00000000038a8bb8 method=java.util.TreeMap.put(Ljava/lang/Object;Ljava/lang/Object;)Ljava/lang/Object; @ 163

Classes redefined (0 events):
No events

Internal exceptions (10 events):
Event: 5.812 Thread 0x000000001941f800 Exception <a 'java/lang/ClassNotFoundException': com/android/build/gradle/tasks/ResourceAwareTaskBeanInfo> (0x00000000e3c32390) thrown at [D:\src\AOSP-openjdk-cygwin\jdk8u\hotspot\src\share\vm\classfile\systemDictionary.cpp, line 210]
Event: 5.812 Thread 0x000000001941f800 Exception <a 'java/lang/ClassNotFoundException': com/android/build/gradle/internal/tasks/IncrementalTaskBeanInfo> (0x00000000e3c4e698) thrown at [D:\src\AOSP-openjdk-cygwin\jdk8u\hotspot\src\share\vm\classfile\systemDictionary.cpp, line 210]
Event: 5.812 Thread 0x000000001941f800 Exception <a 'java/lang/ClassNotFoundException': com/android/build/gradle/internal/tasks/AndroidVariantTaskBeanInfo> (0x00000000e3c6af80) thrown at [D:\src\AOSP-openjdk-cygwin\jdk8u\hotspot\src\share\vm\classfile\systemDictionary.cpp, line 210]
Event: 5.813 Thread 0x000000001941f800 Exception <a 'java/lang/ClassNotFoundException': com/android/build/gradle/internal/tasks/AndroidVariantTaskCustomizer> (0x00000000e3c887b8) thrown at [D:\src\AOSP-openjdk-cygwin\jdk8u\hotspot\src\share\vm\classfile\systemDictionary.cpp, line 210]
Event: 5.813 Thread 0x000000001941f800 Exception <a 'java/lang/ClassNotFoundException': com/android/build/gradle/internal/tasks/IncrementalTaskCustomizer> (0x00000000e3cb57f0) thrown at [D:\src\AOSP-openjdk-cygwin\jdk8u\hotspot\src\share\vm\classfile\systemDictionary.cpp, line 210]
Event: 5.814 Thread 0x000000001941f800 Exception <a 'java/lang/ClassNotFoundException': com/android/build/gradle/tasks/ResourceAwareTaskCustomizer> (0x00000000e3d0f940) thrown at [D:\src\AOSP-openjdk-cygwin\jdk8u\hotspot\src\share\vm\classfile\systemDictionary.cpp, line 210]
Event: 5.814 Thread 0x000000001941f800 Exception <a 'java/lang/ClassNotFoundException': com/android/build/gradle/tasks/MergeResourcesCustomizer> (0x00000000e3d49388) thrown at [D:\src\AOSP-openjdk-cygwin\jdk8u\hotspot\src\share\vm\classfile\systemDictionary.cpp, line 210]
Event: 5.815 Thread 0x000000001941f800 Exception <a 'java/lang/ClassNotFoundException': com/android/build/gradle/tasks/MergeResources_DecoratedCustomizer> (0x00000000e3d96de0) thrown at [D:\src\AOSP-openjdk-cygwin\jdk8u\hotspot\src\share\vm\classfile\systemDictionary.cpp, line 210]
Event: 6.056 Thread 0x000000001941f800 Exception <a 'java/lang/ClassNotFoundException': org/jetbrains/plugins/gradle/tooling/util/SourceSetCachedFinderBeanInfo> (0x00000000e565f698) thrown at [D:\src\AOSP-openjdk-cygwin\jdk8u\hotspot\src\share\vm\classfile\systemDictionary.cpp, line 210]
Event: 6.056 Thread 0x000000001941f800 Exception <a 'java/lang/ClassNotFoundException': org/jetbrains/plugins/gradle/tooling/util/SourceSetCachedFinderCustomizer> (0x00000000e5671830) thrown at [D:\src\AOSP-openjdk-cygwin\jdk8u\hotspot\src\share\vm\classfile\systemDictionary.cpp, line 210]

Events (10 events):
Event: 6.295 loading class org/gradle/api/internal/artifacts/ivyservice/modulecache/artifacts/DefaultModuleArtifactsCache$ModuleArtifactsKeySerializer
Event: 6.295 loading class org/gradle/api/internal/artifacts/ivyservice/modulecache/artifacts/DefaultModuleArtifactsCache$ModuleArtifactsKeySerializer done
Event: 6.296 loading class org/gradle/api/internal/artifacts/ivyservice/modulecache/artifacts/DefaultModuleArtifactsCache$ModuleArtifactsCacheEntrySerializer
Event: 6.296 loading class org/gradle/api/internal/artifacts/ivyservice/modulecache/artifacts/DefaultModuleArtifactsCache$ModuleArtifactsCacheEntrySerializer done
Event: 6.296 loading class org/gradle/api/internal/artifacts/metadata/ComponentArtifactMetadataSerializer
Event: 6.296 loading class org/gradle/api/internal/artifacts/metadata/ComponentArtifactMetadataSerializer done
Event: 6.297 loading class org/gradle/api/internal/artifacts/ivyservice/modulecache/artifacts/AbstractArtifactsCache$ModuleArtifactsCacheEntry
Event: 6.297 loading class org/gradle/api/internal/artifacts/ivyservice/modulecache/artifacts/AbstractArtifactsCache$ModuleArtifactsCacheEntry done
Event: 6.298 loading class org/gradle/api/internal/artifacts/ivyservice/modulecache/artifacts/DefaultCachedArtifacts
Event: 6.298 loading class org/gradle/api/internal/artifacts/ivyservice/modulecache/artifacts/DefaultCachedArtifacts done


Dynamic libraries:
0x00007ff7e55f0000 - 0x00007ff7e5621000 	C:\Program Files\Android\Android Studio\jre\bin\java.exe
0x00007ff93e2c0000 - 0x00007ff93e491000 	C:\Windows\SYSTEM32\ntdll.dll
0x00007ff93dfe0000 - 0x00007ff93e08b000 	C:\Windows\System32\KERNEL32.DLL
0x00007ff9288c0000 - 0x00007ff9288d2000 	C:\Program Files\AVAST Software\Avast\aswhook.dll
0x00007ff93ae10000 - 0x00007ff93b02d000 	C:\Windows\System32\KERNELBASE.dll
0x00007ff93e210000 - 0x00007ff93e2b2000 	C:\Windows\System32\ADVAPI32.dll
0x00007ff93de60000 - 0x00007ff93defe000 	C:\Windows\System32\msvcrt.dll
0x00007ff93ba30000 - 0x00007ff93ba89000 	C:\Windows\System32\sechost.dll
0x00007ff93d5a0000 - 0x00007ff93d6c1000 	C:\Windows\System32\RPCRT4.dll
0x00007ff93b850000 - 0x00007ff93b9b5000 	C:\Windows\System32\USER32.dll
0x00007ff93b030000 - 0x00007ff93b04e000 	C:\Windows\System32\win32u.dll
0x00007ff93dfa0000 - 0x00007ff93dfd4000 	C:\Windows\System32\GDI32.dll
0x00007ff93a950000 - 0x00007ff93aad2000 	C:\Windows\System32\gdi32full.dll
0x00007ff931140000 - 0x00007ff9313b9000 	C:\Windows\WinSxS\amd64_microsoft.windows.common-controls_6595b64144ccf1df_6.0.14393.0_none_2d0f50fcbdb171b8\COMCTL32.dll
0x00007ff93d730000 - 0x00007ff93d9f7000 	C:\Windows\System32\combase.dll
0x00007ff93ad10000 - 0x00007ff93ae05000 	C:\Windows\System32\ucrtbase.dll
0x00007ff93b050000 - 0x00007ff93b0ba000 	C:\Windows\System32\bcryptPrimitives.dll
0x00007ff93baf0000 - 0x00007ff93bb1e000 	C:\Windows\System32\IMM32.DLL
0x000000006d770000 - 0x000000006d842000 	C:\Program Files\Android\Android Studio\jre\jre\bin\msvcr100.dll
0x000000006d930000 - 0x000000006e176000 	C:\Program Files\Android\Android Studio\jre\jre\bin\server\jvm.dll
0x00007ff93e090000 - 0x00007ff93e098000 	C:\Windows\System32\PSAPI.DLL
0x00007ff934000000 - 0x00007ff934009000 	C:\Windows\SYSTEM32\WSOCK32.dll
0x00007ff93e0a0000 - 0x00007ff93e10a000 	C:\Windows\System32\WS2_32.dll
0x00007ff938c80000 - 0x00007ff938ca3000 	C:\Windows\SYSTEM32\WINMM.dll
0x00007ff936cf0000 - 0x00007ff936cfa000 	C:\Windows\SYSTEM32\VERSION.dll
0x00007ff938c20000 - 0x00007ff938c4b000 	C:\Windows\SYSTEM32\WINMMBASE.dll
0x00007ff93a850000 - 0x00007ff93a892000 	C:\Windows\System32\cfgmgr32.dll
0x00007ff934010000 - 0x00007ff93401f000 	C:\Program Files\Android\Android Studio\jre\jre\bin\verify.dll
0x00007ff9240b0000 - 0x00007ff9240d9000 	C:\Program Files\Android\Android Studio\jre\jre\bin\java.dll
0x00007ff924090000 - 0x00007ff9240a6000 	C:\Program Files\Android\Android Studio\jre\jre\bin\zip.dll
0x00007ff93bb20000 - 0x00007ff93d028000 	C:\Windows\System32\SHELL32.dll
0x00007ff93b170000 - 0x00007ff93b84a000 	C:\Windows\System32\windows.storage.dll
0x00007ff93a7e0000 - 0x00007ff93a82c000 	C:\Windows\System32\powrprof.dll
0x00007ff93d030000 - 0x00007ff93d082000 	C:\Windows\System32\shlwapi.dll
0x00007ff93a830000 - 0x00007ff93a83f000 	C:\Windows\System32\kernel.appcore.dll
0x00007ff93b0c0000 - 0x00007ff93b169000 	C:\Windows\System32\shcore.dll
0x00007ff93a7c0000 - 0x00007ff93a7d4000 	C:\Windows\System32\profapi.dll
0x00007ff922fe0000 - 0x00007ff922ffa000 	C:\Program Files\Android\Android Studio\jre\jre\bin\net.dll
0x00007ff93a090000 - 0x00007ff93a0ec000 	C:\Windows\system32\mswsock.dll
0x00007ff922fc0000 - 0x00007ff922fd1000 	C:\Program Files\Android\Android Studio\jre\jre\bin\nio.dll
0x00007ff90f290000 - 0x00007ff90f2b6000 	C:\Users\wel\.gradle\native\29\windows-amd64\native-platform.dll
0x00007ff92b4f0000 - 0x00007ff92b4fd000 	C:\Program Files\Android\Android Studio\jre\jre\bin\management.dll
0x00007ff93a230000 - 0x00007ff93a247000 	C:\Windows\SYSTEM32\CRYPTSP.dll
0x00007ff939ca0000 - 0x00007ff939cd3000 	C:\Windows\system32\rsaenh.dll
0x00007ff93a700000 - 0x00007ff93a72b000 	C:\Windows\SYSTEM32\bcrypt.dll
0x00007ff939f10000 - 0x00007ff939f2f000 	C:\Windows\SYSTEM32\USERENV.dll
0x00007ff93a650000 - 0x00007ff93a65b000 	C:\Windows\SYSTEM32\CRYPTBASE.dll
0x00007ff939e20000 - 0x00007ff939e58000 	C:\Windows\SYSTEM32\IPHLPAPI.DLL
0x00007ff93da20000 - 0x00007ff93da28000 	C:\Windows\System32\NSI.dll
0x00007ff936ab0000 - 0x00007ff936ac6000 	C:\Windows\SYSTEM32\dhcpcsvc6.DLL
0x00007ff936a90000 - 0x00007ff936aaa000 	C:\Windows\SYSTEM32\dhcpcsvc.DLL

VM Arguments:
jvm_args: -Xmx1536m -Dfile.encoding=windows-1252 -Duser.country=IN -Duser.language=en -Duser.variant 
java_command: org.gradle.launcher.daemon.bootstrap.GradleDaemon 5.4.1
java_class_path (initial): C:\Users\wel\.gradle\wrapper\dists\gradle-5.4.1-all\3221gyojl5jsh0helicew7rwx\gradle-5.4.1\lib\gradle-launcher-5.4.1.jar
Launcher Type: SUN_STANDARD

Environment Variables:
PATH=C:\ProgramData\Oracle\Java\javapath;C:\Program Files (x86)\Common Files\Oracle\Java\javapath;C:\Program Files\Java\jdk1.8.0_152\bin;C:\Program Files\Git\cmd;C:\Users\wel\Desktop\DeCompile Android
USERNAME=wingstud
OS=Windows_NT
PROCESSOR_IDENTIFIER=Intel64 Family 6 Model 158 Stepping 9, GenuineIntel



---------------  S Y S T E M  ---------------

OS: Windows 10.0 , 64 bit Build 14393 (10.0.14393.0)

CPU:total 4 (initial active 4) (4 cores per cpu, 1 threads per core) family 6 model 158 stepping 9, cmov, cx8, fxsr, mmx, sse, sse2, sse3, ssse3, sse4.1, sse4.2, popcnt, avx, avx2, aes, clmul, erms, 3dnowpref, lzcnt, tsc, tscinvbit, bmi1, bmi2, adx

Memory: 4k page, physical 8342948k(1356524k free), swap 10552288k(5448k free)

vm_info: OpenJDK 64-Bit Server VM (25.202-b03) for windows-amd64 JRE (1.8.0_202-release-1483-b03), built by "builder" with MS VC++ 10.0 (VS2010)

time: Thu Sep 26 17:23:25 2019
timezone: India Standard Time
elapsed time: 6 seconds (0d 0h 0m 6s)

